<?xml version="1.0" encoding="UTF-8"?>
<!-- Generated by org.testng.reporters.JUnitXMLReporter -->
<testsuite hostname="DESKTOP-4JQCKJ4" ignored="0" name="Test" tests="4" failures="0" timestamp="2020-05-15T12:09:36 NPT" time="76.038" errors="0">
  <testcase name="@BeforeTest Initialize" time="19.091" classname="automation.Register_User">
    <failure type="org.openqa.selenium.NoSuchWindowException" message="no such window: target window already closed
from unknown error: web view not found
  (Session info: chrome=81.0.4044.138)
Build info: version: &amp;apos;4.0.0-alpha-5&amp;apos;, revision: &amp;apos;b3a0d621cc&amp;apos;
System info: host: &amp;apos;DESKTOP-4JQCKJ4&amp;apos;, ip: &amp;apos;192.168.1.66&amp;apos;, os.name: &amp;apos;Windows 10&amp;apos;, os.arch: &amp;apos;amd64&amp;apos;, os.version: &amp;apos;10.0&amp;apos;, java.version: &amp;apos;1.8.0_231&amp;apos;
Driver info: org.openqa.selenium.chrome.ChromeDriver
Capabilities {acceptInsecureCerts: false, browserName: chrome, browserVersion: 81.0.4044.138, chrome: {chromedriverVersion: 81.0.4044.138 (8c6c7ba89cc9..., userDataDir: C:\Users\JOSHI_~1\AppData\L...}, goog:chromeOptions: {debuggerAddress: localhost:2711}, javascriptEnabled: true, networkConnectionEnabled: false, pageLoadStrategy: normal, platform: WINDOWS, platformName: WINDOWS, proxy: Proxy(), setWindowRect: true, strictFileInteractability: false, timeouts: {implicit: 0, pageLoad: 300000, script: 30000}, unhandledPromptBehavior: dismiss and notify, webauthn:virtualAuthenticators: true}
Session ID: 5704b26267b667b6e9490eb808ecf2f5">
      <![CDATA[org.openqa.selenium.NoSuchWindowException: no such window: target window already closed
from unknown error: web view not found
  (Session info: chrome=81.0.4044.138)
Build info: version: '4.0.0-alpha-5', revision: 'b3a0d621cc'
System info: host: 'DESKTOP-4JQCKJ4', ip: '192.168.1.66', os.name: 'Windows 10', os.arch: 'amd64', os.version: '10.0', java.version: '1.8.0_231'
Driver info: org.openqa.selenium.chrome.ChromeDriver
Capabilities {acceptInsecureCerts: false, browserName: chrome, browserVersion: 81.0.4044.138, chrome: {chromedriverVersion: 81.0.4044.138 (8c6c7ba89cc9..., userDataDir: C:\Users\JOSHI_~1\AppData\L...}, goog:chromeOptions: {debuggerAddress: localhost:2711}, javascriptEnabled: true, networkConnectionEnabled: false, pageLoadStrategy: normal, platform: WINDOWS, platformName: WINDOWS, proxy: Proxy(), setWindowRect: true, strictFileInteractability: false, timeouts: {implicit: 0, pageLoad: 300000, script: 30000}, unhandledPromptBehavior: dismiss and notify, webauthn:virtualAuthenticators: true}
Session ID: 5704b26267b667b6e9490eb808ecf2f5
at org.openqa.selenium.remote.codec.w3c.W3CHttpResponseCodec.createException(W3CHttpResponseCodec.java:196)
at org.openqa.selenium.remote.codec.w3c.W3CHttpResponseCodec.decode(W3CHttpResponseCodec.java:129)
at org.openqa.selenium.remote.codec.w3c.W3CHttpResponseCodec.decode(W3CHttpResponseCodec.java:53)
at org.openqa.selenium.remote.HttpCommandExecutor.execute(HttpCommandExecutor.java:161)
at org.openqa.selenium.remote.service.DriverCommandExecutor.execute(DriverCommandExecutor.java:83)
at org.openqa.selenium.remote.RemoteWebDriver.execute(RemoteWebDriver.java:582)
at org.openqa.selenium.remote.RemoteWebDriver.execute(RemoteWebDriver.java:639)
at org.openqa.selenium.remote.RemoteWebDriver.execute(RemoteWebDriver.java:643)
at org.openqa.selenium.remote.RemoteWebDriver$RemoteWebDriverOptions$RemoteWindow.maximize(RemoteWebDriver.java:906)
at resources.Base.InitializeDriver(Base.java:41)
at automation.Register_User.Initialize(Register_User.java:25)
... Removed 28 stack frames]]>
    </failure>
  </testcase> <!-- @BeforeTest Initialize -->
  <testcase name="@AfterTest exit" time="-1.589523876703E9" classname="automation.Add_To_Cart">
    <skipped/>
  </testcase> <!-- @AfterTest exit -->
  <testcase name="@AfterTest exit" time="-1.589523876704E9" classname="automation.Register_User">
    <skipped/>
  </testcase> <!-- @AfterTest exit -->
  <testcase name="landingPage" time="0.0" classname="automation.Register_User">
    <skipped/>
  </testcase> <!-- landingPage -->
  <testcase name="account" time="0.0" classname="automation.Register_User">
    <skipped/>
  </testcase> <!-- account -->
  <testcase name="register" time="0.0" classname="automation.Register_User">
    <skipped/>
  </testcase> <!-- register -->
  <testcase name="dress" time="0.0" classname="automation.Add_To_Cart">
    <skipped/>
  </testcase> <!-- dress -->
</testsuite> <!-- Test -->
